{"synthetic": false,
 "schemaVersion": "2025-09-10",
 "outputs":
 {"o": ["39eac77498b426f8.olean"],
  "i": "04360213789a8702.ilean",
  "c": "0267325371be2ebc.c"},
 "log":
 [{"message":
   ".> LEAN_PATH=/Users/VishalVunnam/Desktop/Classes/Program Analysis/project-vishal-pppa/code/LeanJavaScripty/.lake/build/lib/lean /Users/VishalVunnam/.elan/toolchains/leanprover--lean4---v4.25.2/bin/lean /Users/VishalVunnam/Desktop/Classes/Program Analysis/project-vishal-pppa/code/LeanJavaScripty/LeanJavaScripty/Syntax.lean -o /Users/VishalVunnam/Desktop/Classes/Program Analysis/project-vishal-pppa/code/LeanJavaScripty/.lake/build/lib/lean/LeanJavaScripty/Syntax.olean -i /Users/VishalVunnam/Desktop/Classes/Program Analysis/project-vishal-pppa/code/LeanJavaScripty/.lake/build/lib/lean/LeanJavaScripty/Syntax.ilean -c /Users/VishalVunnam/Desktop/Classes/Program Analysis/project-vishal-pppa/code/LeanJavaScripty/.lake/build/ir/LeanJavaScripty/Syntax.c --setup /Users/VishalVunnam/Desktop/Classes/Program Analysis/project-vishal-pppa/code/LeanJavaScripty/.lake/build/ir/LeanJavaScripty/Syntax.setup.json --json",
   "level": "trace"}],
 "inputs":
 [["LeanJavaScripty.Syntax:deps",
   [["deps",
     [["LeanJavaScripty/LeanJavaScripty:extraDep",
       [["@LeanJavaScripty:extraDep", "00000000000006bb"]]],
      ["imports", "00000000000006bb"]]],
    ["libs",
     [["import dynlibs", "00000000000006bb"],
      ["package external libraries", "00000000000006bb"],
      ["module dynlibs", "00000000000006bb"],
      ["module plugins", "00000000000006bb"]]]]],
  ["Lean 4.25.2, commit b86e2e5824bcdbfa0e8d02dd97b4c48792a385d1",
   "d946543e806d8350"],
  ["/Users/VishalVunnam/Desktop/Classes/Program Analysis/project-vishal-pppa/code/LeanJavaScripty/LeanJavaScripty/Syntax.lean",
   "cdfd28c6734826a9"],
  ["options", "00000000000006bb"],
  ["Module.leanArgs: #[]", "00000000000006bb"]],
 "depHash": "92fead5fe452116c"}